<?xml version="1.0" encoding="UTF-8"?>
<!-- Generated by org.testng.reporters.JUnitReportReporter -->
<testsuite hostname="DESKTOP-G4P6S3Q" failures="0" tests="1" name="testCases.TC_DataDrivenLogin" time="239.105" errors="0" timestamp="2024-06-21T23:23:39 IST" skipped="0">
  <testcase classname="testCases.TC_DataDrivenLogin" name="testLoginPage" time="239.105"/>
  <system-out/>
</testsuite> <!-- testCases.TC_DataDrivenLogin -->
