<?xml version="1.0" encoding="UTF-8"?>
<!-- Generated by org.testng.reporters.JUnitReportReporter -->
<testsuite hostname="DESKTOP-G4P6S3Q" failures="0" tests="1" name="testCases.TC_01_Login" time="31.889" errors="0" timestamp="2024-06-22T00:12:12 IST" skipped="0">
  <testcase classname="testCases.TC_01_Login" name="testLogin" time="31.889"/>
  <system-out/>
</testsuite> <!-- testCases.TC_01_Login -->
